<?xml version="1.0" encoding="UTF-8"?>
<!-- Generated by org.testng.reporters.JUnitReportReporter -->
<testsuite hostname="DESKTOP-Q4220BO" failures="0" tests="1" name="DnT.Appium_Poc.Test01" time="23.963" errors="0" timestamp="2024-03-12T14:35:29 IST" skipped="0">
  <testcase classname="DnT.Appium_Poc.Test01" name="runAppiumTest" time="23.963"/>
  <system-out/>
</testsuite> <!-- DnT.Appium_Poc.Test01 -->
