<?xml version="1.0" encoding="UTF-8"?>
<!-- Generated by org.testng.reporters.JUnitReportReporter -->
<testsuite hostname="DESKTOP-Q4220BO" failures="0" tests="1" name="DnT.Appium_Poc.verifyUserScrollingAction" time="17.078" errors="0" timestamp="2024-03-18T15:50:28 IST" skipped="0">
  <testcase classname="DnT.Appium_Poc.verifyUserScrollingAction" name="verifyLongPressTest" time="17.078"/>
  <system-out/>
</testsuite> <!-- DnT.Appium_Poc.verifyUserScrollingAction -->
