<?xml version="1.0" encoding="UTF-8"?>
<!-- Generated by org.testng.reporters.JUnitReportReporter -->
<testsuite hostname="DESKTOP-Q4220BO" failures="0" tests="1" name="DnT.Appium_Poc.ViewslongPressTest" time="22.238" errors="0" timestamp="2024-03-18T16:19:52 IST" skipped="0">
  <testcase classname="DnT.Appium_Poc.ViewslongPressTest" name="verifyLongPressTest" time="22.238"/>
  <system-out/>
</testsuite> <!-- DnT.Appium_Poc.ViewslongPressTest -->
